<?xml version="1.0" encoding="UTF-8"?>
<testng-results skipped="0" failed="0" ignored="0" total="1" passed="1">
  <reporter-output>
  </reporter-output>
  <suite name="projectSuite" duration-ms="54658" started-at="2017-05-04T06:44:45Z" finished-at="2017-05-04T06:45:40Z">
    <groups>
    </groups>
    <test name="login" duration-ms="54658" started-at="2017-05-04T06:44:45Z" finished-at="2017-05-04T06:45:40Z">
      <class name="com.uberAutomation.Test.AppTest">
        <test-method status="PASS" signature="setUp()[pri:0, instance:com.uberAutomation.Test.AppTest@3ad85136]" name="setUp" is-config="true" duration-ms="27620" started-at="2017-05-03T23:44:45Z" finished-at="2017-05-03T23:45:13Z">
          <reporter-output>
          </reporter-output>
        </test-method> <!-- setUp -->
        <test-method status="PASS" signature="test0()[pri:0, instance:com.uberAutomation.Test.AppTest@3ad85136]" name="test0" duration-ms="26974" started-at="2017-05-03T23:45:13Z" finished-at="2017-05-03T23:45:40Z">
          <reporter-output>
          </reporter-output>
        </test-method> <!-- test0 -->
        <test-method status="PASS" signature="tearDown()[pri:0, instance:com.uberAutomation.Test.AppTest@3ad85136]" name="tearDown" is-config="true" duration-ms="16" started-at="2017-05-03T23:45:40Z" finished-at="2017-05-03T23:45:40Z">
          <reporter-output>
          </reporter-output>
        </test-method> <!-- tearDown -->
      </class> <!-- com.uberAutomation.Test.AppTest -->
    </test> <!-- login -->
  </suite> <!-- projectSuite -->
</testng-results>
